#
# There is insufficient memory for the Java Runtime Environment to continue.
# Native memory allocation (mmap) failed to map 80216064 bytes for committing reserved memory.
# Possible reasons:
#   The system is out of physical RAM or swap space
#   In 32 bit mode, the process size limit was hit
# Possible solutions:
#   Reduce memory load on the system
#   Increase physical memory or swap space
#   Check if swap backing store is full
#   Use 64 bit Java on a 64 bit OS
#   Decrease Java heap size (-Xmx/-Xms)
#   Decrease number of Java threads
#   Decrease Java thread stack sizes (-Xss)
#   Set larger code cache with -XX:ReservedCodeCacheSize=
# This output file may be truncated or incomplete.
#
#  Out of Memory Error (os_linux.cpp:2643), pid=10329, tid=0x00007fe878a82700
#
# JRE version: OpenJDK Runtime Environment (8.0_181-b13) (build 1.8.0_181-8u181-b13-1ubuntu0.16.04.1-b13)
# Java VM: OpenJDK 64-Bit Server VM (25.181-b13 mixed mode linux-amd64 compressed oops)
# Failed to write core dump. Core dumps have been disabled. To enable core dumping, try "ulimit -c unlimited" before starting Java again
#

---------------  T H R E A D  ---------------

Current thread (0x00007fe89007b800):  VMThread [stack: 0x00007fe878982000,0x00007fe878a83000] [id=10339]

Stack: [0x00007fe878982000,0x00007fe878a83000],  sp=0x00007fe878a814a0,  free space=1021k
Native frames: (J=compiled Java code, j=interpreted, Vv=VM code, C=native code)
V  [libjvm.so+0xa70f1b]
V  [libjvm.so+0x4c893c]
V  [libjvm.so+0x8bda48]
V  [libjvm.so+0x8b7dde]
V  [libjvm.so+0x933246]
V  [libjvm.so+0x934573]
V  [libjvm.so+0x930c3b]
V  [libjvm.so+0x929a69]
V  [libjvm.so+0x44c943]
V  [libjvm.so+0xa724a9]
V  [libjvm.so+0xa77d67]
V  [libjvm.so+0xa75467]
V  [libjvm.so+0xa768ef]
V  [libjvm.so+0xa76de1]
V  [libjvm.so+0x8bae52]

VM_Operation (0x00007fe897f0a6e0): CollectForMetadataAllocation, mode: safepoint, requested by thread 0x00007fe89000e000


---------------  P R O C E S S  ---------------

Java Threads: ( => current thread )
  0x00007fe893ce4000 JavaThread "Abandoned connection cleanup thread" daemon [_thread_blocked, id=10364, stack(0x00007fe86155c000,0x00007fe86165d000)]
  0x00007fe893c6b000 JavaThread "container-0" [_thread_blocked, id=10363, stack(0x00007fe86165d000,0x00007fe86175e000)]
  0x00007fe893c6a000 JavaThread "Catalina-utility-1" [_thread_blocked, id=10362, stack(0x00007fe86339d000,0x00007fe86349e000)]
  0x00007fe8900cc800 JavaThread "Service Thread" daemon [_thread_blocked, id=10346, stack(0x00007fe87827b000,0x00007fe87837c000)]
  0x00007fe8900c1800 JavaThread "C1 CompilerThread2" daemon [_thread_blocked, id=10345, stack(0x00007fe87837c000,0x00007fe87847d000)]
  0x00007fe8900bf800 JavaThread "C2 CompilerThread1" daemon [_thread_blocked, id=10344, stack(0x00007fe87847d000,0x00007fe87857e000)]
  0x00007fe8900bc800 JavaThread "C2 CompilerThread0" daemon [_thread_blocked, id=10343, stack(0x00007fe87857e000,0x00007fe87867f000)]
  0x00007fe8900bb000 JavaThread "Signal Dispatcher" daemon [_thread_blocked, id=10342, stack(0x00007fe87867f000,0x00007fe878780000)]
  0x00007fe890088000 JavaThread "Finalizer" daemon [_thread_blocked, id=10341, stack(0x00007fe878780000,0x00007fe878881000)]
  0x00007fe890085000 JavaThread "Reference Handler" daemon [_thread_blocked, id=10340, stack(0x00007fe878881000,0x00007fe878982000)]
  0x00007fe89000e000 JavaThread "main" [_thread_blocked, id=10334, stack(0x00007fe897e11000,0x00007fe897f12000)]

Other Threads:
=>0x00007fe89007b800 VMThread [stack: 0x00007fe878982000,0x00007fe878a83000] [id=10339]
  0x00007fe8900cf000 WatcherThread [stack: 0x00007fe87817a000,0x00007fe87827b000] [id=10347]

VM state:at safepoint (normal execution)

VM Mutex/Monitor currently owned by a thread:  ([mutex/lock_event])
[0x00007fe89000a5d0] Threads_lock - owner thread: 0x00007fe89007b800
[0x00007fe89000aad0] Heap_lock - owner thread: 0x00007fe89000e000

Heap:
 PSYoungGen      total 153600K, used 10214K [0x00000000e6f00000, 0x00000000f0f00000, 0x0000000100000000)
  eden space 143360K, 0% used [0x00000000e6f00000,0x00000000e6f00000,0x00000000efb00000)
  from space 10240K, 99% used [0x00000000efb00000,0x00000000f04f99e0,0x00000000f0500000)
  to   space 8704K, 0% used [0x00000000f0600000,0x00000000f0600000,0x00000000f0e80000)
 ParOldGen       total 35840K, used 16146K [0x00000000b4c00000, 0x00000000b6f00000, 0x00000000e6f00000)
  object space 35840K, 45% used [0x00000000b4c00000,0x00000000b5bc4ad0,0x00000000b6f00000)
 Metaspace       used 33934K, capacity 35292K, committed 35416K, reserved 1081344K
  class space    used 4261K, capacity 4536K, committed 4608K, reserved 1048576K

Card table byte_map: [0x00007fe894264000,0x00007fe8944bf000] byte_map_base: 0x00007fe893cbe000

Marking Bits: (ParMarkBitMap*) 0x00007fe8970de3a0
 Begin Bits: [0x00007fe879a60000, 0x00007fe87ad30000)
 End Bits:   [0x00007fe87ad30000, 0x00007fe87c000000)

Polling page: 0x00007fe897f2d000

CodeCache: size=245760Kb used=11730Kb max_used=11742Kb free=234029Kb
 bounds [0x00007fe881000000, 0x00007fe881b90000, 0x00007fe890000000]
 total_blobs=3673 nmethods=3265 adapters=322
 compilation: enabled

Compilation events (10 events):
Event: 61.923 Thread 0x00007fe8900bf800 3586       4       java.util.zip.ZipFile::getZipEntry (251 bytes)
Event: 61.924 Thread 0x00007fe8900c1800 3587       1       org.springframework.aop.framework.autoproxy.AbstractAdvisorAutoProxyCreator::isEligibleAdvisorBean (2 bytes)
Event: 61.924 Thread 0x00007fe8900c1800 nmethod 3587 0x00007fe881b604d0 code [0x00007fe881b60620, 0x00007fe881b60730]
Event: 61.931 Thread 0x00007fe8900c1800 3590       3       sun.misc.URLClassPath$1::next (63 bytes)
Event: 61.931 Thread 0x00007fe8900c1800 nmethod 3590 0x00007fe881b5fd90 code [0x00007fe881b5ff20, 0x00007fe881b60338]
Event: 61.945 Thread 0x00007fe8900bf800 nmethod 3586 0x00007fe881b64ad0 code [0x00007fe881b64d40, 0x00007fe881b65808]
Event: 61.945 Thread 0x00007fe8900bf800 3588       4       java.util.AbstractList$Itr::<init> (6 bytes)
Event: 61.946 Thread 0x00007fe8900bf800 nmethod 3588 0x00007fe881b630d0 code [0x00007fe881b63220, 0x00007fe881b632b8]
Event: 61.946 Thread 0x00007fe8900bf800 3589       4       org.springframework.core.annotation.AnnotationUtils::hasPlainJavaAnnotationsOnly (66 bytes)
Event: 61.951 Thread 0x00007fe8900bf800 nmethod 3589 0x00007fe881b66710 code [0x00007fe881b66880, 0x00007fe881b66ae8]

GC Heap History (10 events):
Event: 31.238 GC heap after
Heap after GC invocations=5 (full 0):
 PSYoungGen      total 41984K, used 3040K [0x00000000e6f00000, 0x00000000ecc00000, 0x0000000100000000)
  eden space 38912K, 0% used [0x00000000e6f00000,0x00000000e6f00000,0x00000000e9500000)
  from space 3072K, 98% used [0x00000000e9500000,0x00000000e97f8020,0x00000000e9800000)
  to   space 8704K, 0% used [0x00000000ec380000,0x00000000ec380000,0x00000000ecc00000)
 ParOldGen       total 52224K, used 9646K [0x00000000b4c00000, 0x00000000b7f00000, 0x00000000e6f00000)
  object space 52224K, 18% used [0x00000000b4c00000,0x00000000b556ba78,0x00000000b7f00000)
 Metaspace       used 20345K, capacity 20864K, committed 21248K, reserved 1067008K
  class space    used 2567K, capacity 2712K, committed 2816K, reserved 1048576K
}
Event: 31.608 GC heap before
{Heap before GC invocations=6 (full 0):
 PSYoungGen      total 41984K, used 4893K [0x00000000e6f00000, 0x00000000ecc00000, 0x0000000100000000)
  eden space 38912K, 4% used [0x00000000e6f00000,0x00000000e70cf5e8,0x00000000e9500000)
  from space 3072K, 98% used [0x00000000e9500000,0x00000000e97f8020,0x00000000e9800000)
  to   space 8704K, 0% used [0x00000000ec380000,0x00000000ec380000,0x00000000ecc00000)
 ParOldGen       total 52224K, used 9646K [0x00000000b4c00000, 0x00000000b7f00000, 0x00000000e6f00000)
  object space 52224K, 18% used [0x00000000b4c00000,0x00000000b556ba78,0x00000000b7f00000)
 Metaspace       used 20638K, capacity 21166K, committed 21248K, reserved 1067008K
  class space    used 2594K, capacity 2759K, committed 2816K, reserved 1048576K
Event: 31.643 GC heap after
Heap after GC invocations=6 (full 0):
 PSYoungGen      total 85504K, used 3296K [0x00000000e6f00000, 0x00000000ecb00000, 0x0000000100000000)
  eden space 77824K, 0% used [0x00000000e6f00000,0x00000000e6f00000,0x00000000ebb00000)
  from space 7680K, 42% used [0x00000000ec380000,0x00000000ec6b8040,0x00000000ecb00000)
  to   space 8192K, 0% used [0x00000000ebb00000,0x00000000ebb00000,0x00000000ec300000)
 ParOldGen       total 52224K, used 9654K [0x00000000b4c00000, 0x00000000b7f00000, 0x00000000e6f00000)
  object space 52224K, 18% used [0x00000000b4c00000,0x00000000b556da78,0x00000000b7f00000)
 Metaspace       used 20638K, capacity 21166K, committed 21248K, reserved 1067008K
  class space    used 2594K, capacity 2759K, committed 2816K, reserved 1048576K
}
Event: 31.643 GC heap before
{Heap before GC invocations=7 (full 1):
 PSYoungGen      total 85504K, used 3296K [0x00000000e6f00000, 0x00000000ecb00000, 0x0000000100000000)
  eden space 77824K, 0% used [0x00000000e6f00000,0x00000000e6f00000,0x00000000ebb00000)
  from space 7680K, 42% used [0x00000000ec380000,0x00000000ec6b8040,0x00000000ecb00000)
  to   space 8192K, 0% used [0x00000000ebb00000,0x00000000ebb00000,0x00000000ec300000)
 ParOldGen       total 52224K, used 9654K [0x00000000b4c00000, 0x00000000b7f00000, 0x00000000e6f00000)
  object space 52224K, 18% used [0x00000000b4c00000,0x00000000b556da78,0x00000000b7f00000)
 Metaspace       used 20638K, capacity 21166K, committed 21248K, reserved 1067008K
  class space    used 2594K, capacity 2759K, committed 2816K, reserved 1048576K
Event: 31.824 GC heap after
Heap after GC invocations=7 (full 1):
 PSYoungGen      total 85504K, used 0K [0x00000000e6f00000, 0x00000000ecb00000, 0x0000000100000000)
  eden space 77824K, 0% used [0x00000000e6f00000,0x00000000e6f00000,0x00000000ebb00000)
  from space 7680K, 0% used [0x00000000ec380000,0x00000000ec380000,0x00000000ecb00000)
  to   space 8192K, 0% used [0x00000000ebb00000,0x00000000ebb00000,0x00000000ec300000)
 ParOldGen       total 35840K, used 8955K [0x00000000b4c00000, 0x00000000b6f00000, 0x00000000e6f00000)
  object space 35840K, 24% used [0x00000000b4c00000,0x00000000b54bed48,0x00000000b6f00000)
 Metaspace       used 20637K, capacity 21160K, committed 21248K, reserved 1067008K
  class space    used 2594K, capacity 2758K, committed 2816K, reserved 1048576K
}
Event: 56.793 GC heap before
{Heap before GC invocations=8 (full 1):
 PSYoungGen      total 85504K, used 77791K [0x00000000e6f00000, 0x00000000ecb00000, 0x0000000100000000)
  eden space 77824K, 99% used [0x00000000e6f00000,0x00000000ebaf7c78,0x00000000ebb00000)
  from space 7680K, 0% used [0x00000000ec380000,0x00000000ec380000,0x00000000ecb00000)
  to   space 8192K, 0% used [0x00000000ebb00000,0x00000000ebb00000,0x00000000ec300000)
 ParOldGen       total 35840K, used 8955K [0x00000000b4c00000, 0x00000000b6f00000, 0x00000000e6f00000)
  object space 35840K, 24% used [0x00000000b4c00000,0x00000000b54bed48,0x00000000b6f00000)
 Metaspace       used 23979K, capacity 24698K, committed 24832K, reserved 1071104K
  class space    used 3011K, capacity 3211K, committed 3328K, reserved 1048576K
Event: 56.903 GC heap after
Heap after GC invocations=8 (full 1):
 PSYoungGen      total 86016K, used 6200K [0x00000000e6f00000, 0x00000000f0e80000, 0x0000000100000000)
  eden space 77824K, 0% used [0x00000000e6f00000,0x00000000e6f00000,0x00000000ebb00000)
  from space 8192K, 75% used [0x00000000ebb00000,0x00000000ec10e0e8,0x00000000ec300000)
  to   space 8704K, 0% used [0x00000000f0600000,0x00000000f0600000,0x00000000f0e80000)
 ParOldGen       total 35840K, used 8963K [0x00000000b4c00000, 0x00000000b6f00000, 0x00000000e6f00000)
  object space 35840K, 25% used [0x00000000b4c00000,0x00000000b54c0d48,0x00000000b6f00000)
 Metaspace       used 23979K, capacity 24698K, committed 24832K, reserved 1071104K
  class space    used 3011K, capacity 3211K, committed 3328K, reserved 1048576K
}
Event: 58.990 GC heap before
{Heap before GC invocations=9 (full 1):
 PSYoungGen      total 86016K, used 84024K [0x00000000e6f00000, 0x00000000f0e80000, 0x0000000100000000)
  eden space 77824K, 100% used [0x00000000e6f00000,0x00000000ebb00000,0x00000000ebb00000)
  from space 8192K, 75% used [0x00000000ebb00000,0x00000000ec10e0e8,0x00000000ec300000)
  to   space 8704K, 0% used [0x00000000f0600000,0x00000000f0600000,0x00000000f0e80000)
 ParOldGen       total 35840K, used 8963K [0x00000000b4c00000, 0x00000000b6f00000, 0x00000000e6f00000)
  object space 35840K, 25% used [0x00000000b4c00000,0x00000000b54c0d48,0x00000000b6f00000)
 Metaspace       used 27864K, capacity 28706K, committed 28928K, reserved 1075200K
  class space    used 3526K, capacity 3717K, committed 3840K, reserved 1048576K
Event: 58.999 GC heap after
Heap after GC invocations=9 (full 1):
 PSYoungGen      total 152064K, used 8681K [0x00000000e6f00000, 0x00000000f0f00000, 0x0000000100000000)
  eden space 143360K, 0% used [0x00000000e6f00000,0x00000000e6f00000,0x00000000efb00000)
  from space 8704K, 99% used [0x00000000f0600000,0x00000000f0e7a798,0x00000000f0e80000)
  to   space 10240K, 0% used [0x00000000efb00000,0x00000000efb00000,0x00000000f0500000)
 ParOldGen       total 35840K, used 9337K [0x00000000b4c00000, 0x00000000b6f00000, 0x00000000e6f00000)
  object space 35840K, 26% used [0x00000000b4c00000,0x00000000b551e608,0x00000000b6f00000)
 Metaspace       used 27864K, capacity 28706K, committed 28928K, reserved 1075200K
  class space    used 3526K, capacity 3717K, committed 3840K, reserved 1048576K
}
Event: 61.962 GC heap before
{Heap before GC invocations=10 (full 1):
 PSYoungGen      total 152064K, used 122991K [0x00000000e6f00000, 0x00000000f0f00000, 0x0000000100000000)
  eden space 143360K, 79% used [0x00000000e6f00000,0x00000000edea15a8,0x00000000efb00000)
  from space 8704K, 99% used [0x00000000f0600000,0x00000000f0e7a798,0x00000000f0e80000)
  to   space 10240K, 0% used [0x00000000efb00000,0x00000000efb00000,0x00000000f0500000)
 ParOldGen       total 35840K, used 9337K [0x00000000b4c00000, 0x00000000b6f00000, 0x00000000e6f00000)
  object space 35840K, 26% used [0x00000000b4c00000,0x00000000b551e608,0x00000000b6f00000)
 Metaspace       used 33934K, capacity 35292K, committed 35416K, reserved 1081344K
  class space    used 4261K, capacity 4536K, committed 4608K, reserved 1048576K

Deoptimization events (10 events):
Event: 60.532 Thread 0x00007fe89000e000 Uncommon trap: reason=class_check action=maybe_recompile pc=0x00007fe881137194 method=java.util.AbstractList$Itr.hasNext()Z @ 8
Event: 60.532 Thread 0x00007fe89000e000 Uncommon trap: reason=class_check action=maybe_recompile pc=0x00007fe88199f648 method=java.util.AbstractList$Itr.next()Ljava/lang/Object; @ 14
Event: 60.544 Thread 0x00007fe89000e000 Uncommon trap: reason=unstable_if action=reinterpret pc=0x00007fe88199443c method=java.util.concurrent.ConcurrentHashMap.get(Ljava/lang/Object;)Ljava/lang/Object; @ 152
Event: 60.917 Thread 0x00007fe89000e000 Uncommon trap: reason=bimorphic action=maybe_recompile pc=0x00007fe881648420 method=java.util.Hashtable.get(Ljava/lang/Object;)Ljava/lang/Object; @ 6
Event: 60.919 Thread 0x00007fe89000e000 Uncommon trap: reason=bimorphic action=maybe_recompile pc=0x00007fe881648420 method=java.util.Hashtable.get(Ljava/lang/Object;)Ljava/lang/Object; @ 6
Event: 61.891 Thread 0x00007fe893ce4000 Uncommon trap: reason=unstable_if action=reinterpret pc=0x00007fe8815dc544 method=java.util.zip.ZipCoder.getBytes(Ljava/lang/String;)[B @ 32
Event: 61.895 Thread 0x00007fe893ce4000 Uncommon trap: reason=unstable_if action=reinterpret pc=0x00007fe8815df910 method=java.util.zip.ZipCoder.getBytes(Ljava/lang/String;)[B @ 32
Event: 61.906 Thread 0x00007fe89000e000 Uncommon trap: reason=unstable_if action=reinterpret pc=0x00007fe88124e688 method=java.lang.AbstractStringBuilder.append(Ljava/lang/String;)Ljava/lang/AbstractStringBuilder; @ 1
Event: 61.912 Thread 0x00007fe89000e000 Uncommon trap: reason=null_check action=make_not_entrant pc=0x00007fe881b71f34 method=org.springframework.core.annotation.AnnotatedElementUtils.searchWithFindSemantics(Ljava/lang/reflect/AnnotatedElement;Ljava/util/Set;Ljava/lang/String;Ljava/lang/Class;L
Event: 61.949 Thread 0x00007fe89000e000 Uncommon trap: reason=predicate action=maybe_recompile pc=0x00007fe881b62ca0 method=java.util.AbstractCollection.toArray([Ljava/lang/Object;)[Ljava/lang/Object; @ 49

Classes redefined (0 events):
No events

Internal exceptions (10 events):
Event: 58.937 Thread 0x00007fe89000e000 Exception <a 'java/lang/ClassNotFoundException': org/springframework/beans/factory/AwareCustomizer> (0x00000000eb6ebfd0) thrown at [/build/openjdk-8-lTwZJE/openjdk-8-8u181-b13/src/hotspot/src/share/vm/classfile/systemDictionary.cpp, line 210]
Event: 58.937 Thread 0x00007fe89000e000 Exception <a 'java/lang/ClassNotFoundException': org/springframework/context/annotation/ImportAwareCustomizer> (0x00000000eb701e60) thrown at [/build/openjdk-8-lTwZJE/openjdk-8-8u181-b13/src/hotspot/src/share/vm/classfile/systemDictionary.cpp, line 210]
Event: 58.937 Thread 0x00007fe89000e000 Exception <a 'java/lang/ClassNotFoundException': org/springframework/beans/factory/AwareCustomizer> (0x00000000eb715f88) thrown at [/build/openjdk-8-lTwZJE/openjdk-8-8u181-b13/src/hotspot/src/share/vm/classfile/systemDictionary.cpp, line 210]
Event: 58.937 Thread 0x00007fe89000e000 Implicit null exception at 0x00007fe8812f5c8c to 0x00007fe8812f5d09
Event: 59.060 Thread 0x00007fe89000e000 Implicit null exception at 0x00007fe88188a0a3 to 0x00007fe88188a231
Event: 59.894 Thread 0x00007fe89000e000 Exception <a 'java/io/FileNotFoundException'> (0x00000000ebbc2cb0) thrown at [/build/openjdk-8-lTwZJE/openjdk-8-8u181-b13/src/hotspot/src/share/vm/prims/jni.cpp, line 709]
Event: 60.541 Thread 0x00007fe89000e000 Exception <a 'java/lang/NoSuchMethodError': java.lang.Object.lambda$andThen$1(Ljava/util/function/Function;Ljava/lang/Object;)Ljava/lang/Object;> (0x00000000ed292c30) thrown at [/build/openjdk-8-lTwZJE/openjdk-8-8u181-b13/src/hotspot/src/share/vm/interpre
Event: 60.893 Thread 0x00007fe89000e000 Exception <a 'java/io/FileNotFoundException'> (0x00000000ed6d8a30) thrown at [/build/openjdk-8-lTwZJE/openjdk-8-8u181-b13/src/hotspot/src/share/vm/prims/jni.cpp, line 709]
Event: 61.905 Thread 0x00007fe89000e000 Implicit null exception at 0x00007fe88124e2b5 to 0x00007fe88124e675
Event: 61.912 Thread 0x00007fe89000e000 Implicit null exception at 0x00007fe881b69d0a to 0x00007fe881b71efd

Events (10 events):
Event: 61.952 loading class org/hibernate/internal/CoreLogging done
Event: 61.953 loading class org/hibernate/internal/CoreMessageLogger
Event: 61.953 loading class org/hibernate/internal/CoreMessageLogger done
Event: 61.955 loading class org/hibernate/internal/CoreMessageLogger_$logger_en_US
Event: 61.955 loading class org/hibernate/internal/CoreMessageLogger_$logger_en_US done
Event: 61.955 loading class org/hibernate/internal/CoreMessageLogger_$logger_en
Event: 61.955 loading class org/hibernate/internal/CoreMessageLogger_$logger_en done
Event: 61.956 loading class org/hibernate/internal/CoreMessageLogger_$logger
Event: 61.956 loading class org/hibernate/internal/CoreMessageLogger_$logger done
Event: 61.961 Executing VM operation: CollectForMetadataAllocation


Dynamic libraries:
00400000-00401000 r-xp 00000000 08:01 928469                             /usr/lib/jvm/java-8-openjdk-amd64/jre/bin/java
00600000-00601000 r--p 00000000 08:01 928469                             /usr/lib/jvm/java-8-openjdk-amd64/jre/bin/java
00601000-00602000 rw-p 00001000 08:01 928469                             /usr/lib/jvm/java-8-openjdk-amd64/jre/bin/java
00dbe000-00ddf000 rw-p 00000000 00:00 0                                  [heap]
b4c00000-b6f00000 rw-p 00000000 00:00 0 
b6f00000-e6f00000 ---p 00000000 00:00 0 
e6f00000-f0f00000 rw-p 00000000 00:00 0 
f5b80000-100000000 ---p 00000000 00:00 0 
100000000-100480000 rw-p 00000000 00:00 0 
100480000-140000000 ---p 00000000 00:00 0 
7fe838000000-7fe838021000 rw-p 00000000 00:00 0 
7fe838021000-7fe83c000000 ---p 00000000 00:00 0 
7fe83c000000-7fe83c021000 rw-p 00000000 00:00 0 
7fe83c021000-7fe840000000 ---p 00000000 00:00 0 
7fe840000000-7fe840021000 rw-p 00000000 00:00 0 
7fe840021000-7fe844000000 ---p 00000000 00:00 0 
7fe844000000-7fe8442fc000 rw-p 00000000 00:00 0 
7fe8442fc000-7fe848000000 ---p 00000000 00:00 0 
7fe848000000-7fe84882b000 rw-p 00000000 00:00 0 
7fe84882b000-7fe84c000000 ---p 00000000 00:00 0 
7fe84c000000-7fe84c021000 rw-p 00000000 00:00 0 
7fe84c021000-7fe850000000 ---p 00000000 00:00 0 
7fe850000000-7fe852909000 rw-p 00000000 00:00 0 
7fe852909000-7fe854000000 ---p 00000000 00:00 0 
7fe854000000-7fe8553b0000 rw-p 00000000 00:00 0 
7fe8553b0000-7fe858000000 ---p 00000000 00:00 0 
7fe858000000-7fe858021000 rw-p 00000000 00:00 0 
7fe858021000-7fe85c000000 ---p 00000000 00:00 0 
7fe85c000000-7fe85c021000 rw-p 00000000 00:00 0 
7fe85c021000-7fe860000000 ---p 00000000 00:00 0 
7fe86135c000-7fe861372000 rw-p 00000000 00:00 0 
7fe861372000-7fe86155c000 ---p 00000000 00:00 0 
7fe86155c000-7fe86155f000 ---p 00000000 00:00 0 
7fe86155f000-7fe86165d000 rw-p 00000000 00:00 0 
7fe86165d000-7fe861660000 ---p 00000000 00:00 0 
7fe861660000-7fe86195e000 rw-p 00000000 00:00 0 
7fe86195e000-7fe861963000 r--s 002f9000 08:01 928518                     /usr/lib/jvm/java-8-openjdk-amd64/jre/lib/charsets.jar
7fe861963000-7fe861b63000 rw-p 00000000 00:00 0 
7fe861b63000-7fe861b68000 r--s 0009d000 08:01 928533                     /usr/lib/jvm/java-8-openjdk-amd64/jre/lib/jsse.jar
7fe861b68000-7fe861d68000 rw-p 00000000 00:00 0 
7fe861d68000-7fe861f68000 rw-p 00000000 00:00 0 
7fe861f68000-7fe862168000 rw-p 00000000 00:00 0 
7fe862168000-7fe862179000 r-xp 00000000 08:01 928503                     /usr/lib/jvm/java-8-openjdk-amd64/jre/lib/amd64/libnio.so
7fe862179000-7fe862379000 ---p 00011000 08:01 928503                     /usr/lib/jvm/java-8-openjdk-amd64/jre/lib/amd64/libnio.so
7fe862379000-7fe86237a000 r--p 00011000 08:01 928503                     /usr/lib/jvm/java-8-openjdk-amd64/jre/lib/amd64/libnio.so
7fe86237a000-7fe86237b000 rw-p 00012000 08:01 928503                     /usr/lib/jvm/java-8-openjdk-amd64/jre/lib/amd64/libnio.so
7fe86237b000-7fe86257b000 rw-p 00000000 00:00 0 
7fe86257b000-7fe86277b000 rw-p 00000000 00:00 0 
7fe86277b000-7fe86297b000 rw-p 00000000 00:00 0 
7fe86297b000-7fe862b7b000 rw-p 00000000 00:00 0 
7fe862b7b000-7fe862d7b000 rw-p 00000000 00:00 0 
7fe862d7b000-7fe862d92000 r-xp 00000000 08:01 928504                     /usr/lib/jvm/java-8-openjdk-amd64/jre/lib/amd64/libnet.so
7fe862d92000-7fe862f91000 ---p 00017000 08:01 928504                     /usr/lib/jvm/java-8-openjdk-amd64/jre/lib/amd64/libnet.so
7fe862f91000-7fe862f92000 r--p 00016000 08:01 928504                     /usr/lib/jvm/java-8-openjdk-amd64/jre/lib/amd64/libnet.so
7fe862f92000-7fe862f93000 rw-p 00017000 08:01 928504                     /usr/lib/jvm/java-8-openjdk-amd64/jre/lib/amd64/libnet.so
7fe862f93000-7fe862f9c000 r-xp 00000000 08:01 928507                     /usr/lib/jvm/java-8-openjdk-amd64/jre/lib/amd64/libmanagement.so
7fe862f9c000-7fe86319b000 ---p 00009000 08:01 928507                     /usr/lib/jvm/java-8-openjdk-amd64/jre/lib/amd64/libmanagement.so
7fe86319b000-7fe86319c000 r--p 00008000 08:01 928507                     /usr/lib/jvm/java-8-openjdk-amd64/jre/lib/amd64/libmanagement.so
7fe86319c000-7fe86319d000 rw-p 00009000 08:01 928507                     /usr/lib/jvm/java-8-openjdk-amd64/jre/lib/amd64/libmanagement.so
7fe86319d000-7fe86339d000 rw-p 00000000 00:00 0 
7fe86339d000-7fe8633a0000 ---p 00000000 00:00 0 
7fe8633a0000-7fe86349e000 rw-p 00000000 00:00 0 
7fe86349e000-7fe8634a3000 r--s 00040000 08:01 1102113                    /home/hossam/.m2/repository/org/springframework/spring-expression/5.1.4.RELEASE/spring-expression-5.1.4.RELEASE.jar
7fe8634a3000-7fe8634bd000 r--s 000f3000 08:01 1102107                    /home/hossam/.m2/repository/org/springframework/spring-context/5.1.4.RELEASE/spring-context-5.1.4.RELEASE.jar
7fe8634bd000-7fe8634ca000 r--s 00098000 08:01 1102111                    /home/hossam/.m2/repository/org/springframework/spring-beans/5.1.4.RELEASE/spring-beans-5.1.4.RELEASE.jar
7fe8634ca000-7fe8634d6000 r--s 0005e000 08:01 831515                     /home/hossam/.m2/repository/org/springframework/security/spring-security-core/5.1.3.RELEASE/spring-security-core-5.1.3.RELEASE.jar
7fe8634d6000-7fe8634d9000 r--s 00014000 08:01 831591                     /home/hossam/.m2/repository/org/springframework/security/spring-security-acl/5.1.3.RELEASE/spring-security-acl-5.1.3.RELEASE.jar
7fe8634d9000-7fe8634da000 r--s 00004000 08:01 831578                     /home/hossam/.m2/repository/org/springframework/security/spring-security-taglibs/5.1.3.RELEASE/spring-security-taglibs-5.1.3.RELEASE.jar
7fe8634da000-7fe8634e9000 r--s 00075000 08:01 831519                     /home/hossam/.m2/repository/org/springframework/security/spring-security-web/5.1.3.RELEASE/spring-security-web-5.1.3.RELEASE.jar
7fe8634e9000-7fe8634f6000 r--s 000b2000 08:01 831513                     /home/hossam/.m2/repository/org/springframework/security/spring-security-config/5.1.3.RELEASE/spring-security-config-5.1.3.RELEASE.jar
7fe8634f6000-7fe863500000 r--s 00051000 08:01 1102109                    /home/hossam/.m2/repository/org/springframework/spring-aop/5.1.4.RELEASE/spring-aop-5.1.4.RELEASE.jar
7fe863500000-7fe863501000 r--s 00000000 08:01 831510                     /home/hossam/.m2/repository/org/springframework/boot/spring-boot-starter-security/2.1.2.RELEASE/spring-boot-starter-security-2.1.2.RELEASE.jar
7fe863501000-7fe863518000 r--s 00296000 08:01 256245                     /home/hossam/.m2/repository/org/eclipse/jdt/ecj/3.15.0/ecj-3.15.0.jar
7fe863518000-7fe863521000 r--s 0008e000 08:01 831500                     /home/hossam/.m2/repository/org/apache/tomcat/embed/tomcat-embed-jasper/9.0.14/tomcat-embed-jasper-9.0.14.jar
7fe863521000-7fe863527000 r--s 0003b000 08:01 1102277                    /home/hossam/.m2/repository/org/apache/tomcat/embed/tomcat-embed-websocket/9.0.14/tomcat-embed-websocket-9.0.14.jar
7fe863527000-7fe86352c000 r--s 00039000 08:01 1102275                    /home/hossam/.m2/repository/org/apache/tomcat/embed/tomcat-embed-el/9.0.14/tomcat-embed-el-9.0.14.jar
7fe86352c000-7fe863556000 r--s 002f1000 08:01 822376                     /home/hossam/.m2/repository/org/apache/tomcat/embed/tomcat-embed-core/9.0.14/tomcat-embed-core-9.0.14.jar
7fe863556000-7fe863557000 r--s 00000000 08:01 1102273                    /home/hossam/.m2/repository/org/springframework/boot/spring-boot-starter-tomcat/2.1.2.RELEASE/spring-boot-starter-tomcat-2.1.2.RELEASE.jar
7fe863557000-7fe863561000 r--s 0005c000 08:01 630147                     /home/hossam/.m2/repository/javax/servlet/jstl/1.2/jstl-1.2.jar
7fe863561000-7fe863568000 r--s 00043000 08:01 1097034                    /home/hossam/.m2/repository/org/yaml/snakeyaml/1.23/snakeyaml-1.23.jar
7fe863568000-7fe863569000 r--s 00005000 08:01 1102119                    /home/hossam/.m2/repository/org/springframework/spring-jcl/5.1.4.RELEASE/spring-jcl-5.1.4.RELEASE.jar
7fe863569000-7fe863582000 r--s 00123000 08:01 1102117                    /home/hossam/.m2/repository/org/springframework/spring-core/5.1.4.RELEASE/spring-core-5.1.4.RELEASE.jar
7fe863582000-7fe863584000 r--s 00005000 08:01 1097038                    /home/hossam/.m2/repository/javax/annotation/javax.annotation-api/1.3.2/javax.annotation-api-1.3.2.jar
7fe863584000-7fe863586000 r--s 00000000 08:01 1097030                    /home/hossam/.m2/repository/org/slf4j/jul-to-slf4j/1.7.25/jul-to-slf4j-1.7.25.jar
7fe863586000-7fe86358c000 r--s 0003b000 08:01 1097025                    /home/hossam/.m2/repository/org/apache/logging/log4j/log4j-api/2.11.1/log4j-api-2.11.1.jar
7fe86358c000-7fe86358e000 r--s 00003000 08:01 1097035                    /home/hossam/.m2/repository/org/apache/logging/log4j/log4j-to-slf4j/2.11.1/log4j-to-slf4j-2.11.1.jar
7fe86358e000-7fe863599000 r--s 00069000 08:01 286183                     /home/hossam/.m2/repository/ch/qos/logback/logback-core/1.2.3/logback-core-1.2.3.jar
7fe863599000-7fe86359f000 r--s 00041000 08:01 286416                     /home/hossam/.m2/repository/ch/qos/logback/logback-classic/1.2.3/logback-classic-1.2.3.jar
7fe86359f000-7fe8635a0000 r--s 00000000 08:01 1102115                    /home/hossam/.m2/repository/org/springframework/boot/spring-boot-starter-logging/2.1.2.RELEASE/spring-boot-starter-logging-2.1.2.RELEASE.jar
7fe8635a0000-7fe8635c3000 r--s 00110000 08:01 822315                     /home/hossam/.m2/repository/org/springframework/boot/spring-boot-autoconfigure/2.1.2.RELEASE/spring-boot-autoconfigure-2.1.2.RELEASE.jar
7fe8635c3000-7fe8635d8000 r--s 000d3000 08:01 822313                     /home/hossam/.m2/repository/org/springframework/boot/spring-boot/2.1.2.RELEASE/spring-boot-2.1.2.RELEASE.jar
7fe8635d8000-7fe8635ef000 r--s 001f2000 08:01 195320                     /home/hossam/.m2/repository/mysql/mysql-connector-java/8.0.13/mysql-connector-java-8.0.13.jar
7fe8635ef000-7fe8635f1000 r--s 0000a000 08:01 822395                     /home/hossam/.m2/repository/org/springframework/spring-aspects/5.1.4.RELEASE/spring-aspects-5.1.4.RELEASE.jar
7fe8635f1000-7fe8635f3000 r--s 00009000 08:01 286500                     /home/hossam/.m2/repository/org/slf4j/slf4j-api/1.7.25/slf4j-api-1.7.25.jar
7fe8635f3000-7fe8635fb000 r--s 00037000 08:01 822393                     /home/hossam/.m2/repository/org/springframework/spring-tx/5.1.4.RELEASE/spring-tx-5.1.4.RELEASE.jar
7fe8635fb000-7fe8635ff000 r--s 0002d000 08:01 822391                     /home/hossam/.m2/repository/org/springframework/spring-orm/5.1.4.RELEASE/spring-orm-5.1.4.RELEASE.jar
7fe8635ff000-7fe863617000 r--s 00105000 08:01 822389                     /home/hossam/.m2/repository/org/springframework/data/spring-data-commons/2.1.4.RELEASE/spring-data-commons-2.1.4.RELEASE.jar
7fe863617000-7fe86361f000 r--s 0004d000 08:01 822386                     /home/hossam/.m2/repository/org/springframework/data/spring-data-jpa/2.1.4.RELEASE/spring-data-jpa-2.1.4.RELEASE.jar
7fe86361f000-7fe863622000 r--s 00010000 08:01 1101795                    /home/hossam/.m2/repository/org/hibernate/common/hibernate-commons-annotations/5.0.4.Final/hibernate-commons-annotations-5.0.4.Final.jar
7fe863622000-7fe863627000 r--s 0004b000 08:01 169705                     /home/hossam/.m2/repository/org/dom4j/dom4j/2.1.1/dom4j-2.1.1.jar
7fe863627000-7fe86362c000 r--s 00068000 08:01 164649                     /home/hossam/.m2/repository/antlr/antlr/2.7.7/antlr-2.7.7.jar
7fe86362c000-7fe864000000 r--p 00000000 08:01 9170                       /usr/lib/locale/locale-archive
7fe864000000-7fe864021000 rw-p 00000000 00:00 0 
7fe864021000-7fe868000000 ---p 00000000 00:00 0 
7fe868000000-7fe868021000 rw-p 00000000 00:00 0 
7fe868021000-7fe86c000000 ---p 00000000 00:00 0 
7fe86c000000-7fe86c021000 rw-p 00000000 00:00 0 
7fe86c021000-7fe870000000 ---p 00000000 00:00 0 
7fe870000000-7fe870021000 rw-p 00000000 00:00 0 
7fe870021000-7fe874000000 ---p 00000000 00:00 0 
7fe874000000-7fe874021000 rw-p 00000000 00:00 0 
7fe874021000-7fe878000000 ---p 00000000 00:00 0 
7fe878000000-7fe878003000 r--s 0002b000 08:01 1101793                    /home/hossam/.m2/repository/org/jboss/jandex/2.0.5.Final/jandex-2.0.5.Final.jar
7fe878003000-7fe878049000 r--s 002d7000 08:01 1102127                    /home/hossam/.m2/repository/net/bytebuddy/byte-buddy/1.9.7/byte-buddy-1.9.7.jar
7fe878049000-7fe878054000 r--s 000b2000 08:01 164617                     /home/hossam/.m2/repository/org/javassist/javassist/3.23.1-GA/javassist-3.23.1-GA.jar
7fe878054000-7fe87805a000 r--s 00023000 08:01 630064                     /home/hossam/.m2/repository/javax/persistence/javax.persistence-api/2.2/javax.persistence-api-2.2.jar
7fe87805a000-7fe8780dd000 r--s 00624000 08:01 1101791                    /home/hossam/.m2/repository/org/hibernate/hibernate-core/5.3.7.Final/hibernate-core-5.3.7.Final.jar
7fe8780dd000-7fe8780df000 r--s 0000c000 08:01 630062                     /home/hossam/.m2/repository/javax/activation/javax.activation-api/1.2.0/javax.activation-api-1.2.0.jar
7fe8780df000-7fe8780e3000 r--s 0001c000 08:01 630060                     /home/hossam/.m2/repository/javax/xml/bind/jaxb-api/2.3.1/jaxb-api-2.3.1.jar
7fe8780e3000-7fe8780ec000 r--s 0005a000 08:01 822384                     /home/hossam/.m2/repository/org/springframework/spring-jdbc/5.1.4.RELEASE/spring-jdbc-5.1.4.RELEASE.jar
7fe8780ec000-7fe878105000 r--s 001de000 08:01 164574                     /home/hossam/.m2/repository/org/aspectj/aspectjweaver/1.9.2/aspectjweaver-1.9.2.jar
7fe878105000-7fe878114000 r--s 000b5000 08:01 1102283                    /home/hossam/.m2/repository/org/springframework/spring-webmvc/5.1.4.RELEASE/spring-webmvc-5.1.4.RELEASE.jar
7fe878114000-7fe878130000 r--s 00136000 08:01 1102281                    /home/hossam/.m2/repository/org/springframework/spring-web/5.1.4.RELEASE/spring-web-5.1.4.RELEASE.jar
7fe878130000-7fe87814d000 r--s 000fe000 08:01 1102279                    /home/hossam/.m2/repository/org/hibernate/validator/hibernate-validator/6.0.14.Final/hibernate-validator-6.0.14.Final.jar
7fe87814d000-7fe87815f000 r--s 00137000 08:01 630116                     /home/hossam/.m2/repository/com/fasterxml/jackson/core/jackson-databind/2.9.8/jackson-databind-2.9.8.jar
7fe87815f000-7fe87817a000 r--s 001d6000 08:01 928525                     /usr/lib/jvm/java-8-openjdk-amd64/jre/lib/ext/nashorn.jar
7fe87817a000-7fe87817b000 ---p 00000000 00:00 0 
7fe87817b000-7fe87827b000 rw-p 00000000 00:00 0 
7fe87827b000-7fe87827e000 ---p 00000000 00:00 0 
7fe87827e000-7fe87837c000 rw-p 00000000 00:00 0 
7fe87837c000-7fe87837f000 ---p 00000000 00:00 0 
7fe87837f000-7fe87847d000 rw-p 00000000 00:00 0 
7fe87847d000-7fe878480000 ---p 00000000 00:00 0 
7fe878480000-7fe87857e000 rw-p 00000000 00:00 0 
7fe87857e000-7fe878581000 ---p 00000000 00:00 0 
7fe878581000-7fe87867f000 rw-p 00000000 00:00 0 
7fe87867f000-7fe878682000 ---p 00000000 00:00 0 
7fe878682000-7fe878780000 rw-p 00000000 00:00 0 
7fe878780000-7fe878783000 ---p 00000000 00:00 0 
7fe878783000-7fe878881000 rw-p 00000000 00:00 0 
7fe878881000-7fe878884000 ---p 00000000 00:00 0 
7fe878884000-7fe878982000 rw-p 00000000 00:00 0 
7fe878982000-7fe878983000 ---p 00000000 00:00 0 
7fe878983000-7fe879891000 rw-p 00000000 00:00 0 
7fe879891000-7fe879a60000 r--s 03c33000 08:01 928532                     /usr/lib/jvm/java-8-openjdk-amd64/jre/lib/rt.jar
7fe879a60000-7fe87c000000 rw-p 00000000 00:00 0 
7fe87c000000-7fe87c021000 rw-p 00000000 00:00 0 
7fe87c021000-7fe880000000 ---p 00000000 00:00 0 
7fe880000000-7fe880001000 r--s 00000000 08:01 822311                     /home/hossam/.m2/repository/org/springframework/boot/spring-boot-starter/2.1.2.RELEASE/spring-boot-starter-2.1.2.RELEASE.jar
7fe880001000-7fe880002000 r--s 00006000 08:01 630058                     /home/hossam/.m2/repository/javax/transaction/javax.transaction-api/1.3/javax.transaction-api-1.3.jar
7fe880002000-7fe88001d000 r--s 00394000 08:01 928522                     /usr/lib/jvm/java-8-openjdk-amd64/jre/lib/ext/cldrdata.jar
7fe88001d000-7fe880bfc000 rw-p 00000000 00:00 0 
7fe880bfc000-7fe880bfd000 ---p 00000000 00:00 0 
7fe880bfd000-7fe880cfd000 rw-p 00000000 00:00 0 
7fe880cfd000-7fe880cfe000 ---p 00000000 00:00 0 
7fe880cfe000-7fe880dfe000 rw-p 00000000 00:00 0 
7fe880dfe000-7fe880dff000 ---p 00000000 00:00 0 
7fe880dff000-7fe880eff000 rw-p 00000000 00:00 0 
7fe880eff000-7fe880f00000 ---p 00000000 00:00 0 
7fe880f00000-7fe881000000 rw-p 00000000 00:00 0 
7fe881000000-7fe881b90000 rwxp 00000000 00:00 0 
7fe881b90000-7fe890000000 ---p 00000000 00:00 0 
7fe890000000-7fe893d3c000 rw-p 00000000 00:00 0 
7fe893d3c000-7fe894000000 ---p 00000000 00:00 0 
7fe894000000-7fe894004000 r--s 00020000 08:01 164604                     /home/hossam/.m2/repository/com/zaxxer/HikariCP/3.2.0/HikariCP-3.2.0.jar
7fe894004000-7fe894005000 r--s 00000000 08:01 822382                     /home/hossam/.m2/repository/org/springframework/boot/spring-boot-starter-jdbc/2.1.2.RELEASE/spring-boot-starter-jdbc-2.1.2.RELEASE.jar
7fe894005000-7fe894006000 r--s 00000000 08:01 822380                     /home/hossam/.m2/repository/org/springframework/boot/spring-boot-starter-aop/2.1.2.RELEASE/spring-boot-starter-aop-2.1.2.RELEASE.jar
7fe894006000-7fe894007000 r--s 00000000 08:01 822378                     /home/hossam/.m2/repository/org/springframework/boot/spring-boot-starter-data-jpa/2.1.2.RELEASE/spring-boot-starter-data-jpa-2.1.2.RELEASE.jar
7fe894007000-7fe894009000 r--s 0000f000 08:01 286491                     /home/hossam/.m2/repository/com/fasterxml/classmate/1.4.0/classmate-1.4.0.jar
7fe894009000-7fe89400e000 r--s 00012000 08:01 1097069                    /home/hossam/.m2/repository/javax/validation/validation-api/2.0.1.Final/validation-api-2.0.1.Final.jar
7fe89400e000-7fe8940e4000 rw-p 00000000 00:00 0 
7fe8940e4000-7fe894264000 ---p 00000000 00:00 0 
7fe894264000-7fe894276000 rw-p 00000000 00:00 0 
7fe894276000-7fe8943f5000 ---p 00000000 00:00 0 
7fe8943f5000-7fe894446000 rw-p 00000000 00:00 0 
7fe894446000-7fe8944be000 ---p 00000000 00:00 0 
7fe8944be000-7fe8944ee000 rw-p 00000000 00:00 0 
7fe8944ee000-7fe89487f000 ---p 00000000 00:00 0 
7fe89487f000-7fe894887000 r-xp 00000000 08:01 928495                     /usr/lib/jvm/java-8-openjdk-amd64/jre/lib/amd64/libzip.so
7fe894887000-7fe894a86000 ---p 00008000 08:01 928495                     /usr/lib/jvm/java-8-openjdk-amd64/jre/lib/amd64/libzip.so
7fe894a86000-7fe894a87000 r--p 00007000 08:01 928495                     /usr/lib/jvm/java-8-openjdk-amd64/jre/lib/amd64/libzip.so
7fe894a87000-7fe894a88000 rw-p 00008000 08:01 928495                     /usr/lib/jvm/java-8-openjdk-amd64/jre/lib/amd64/libzip.so
7fe894a88000-7fe894a93000 r-xp 00000000 08:01 137262                     /lib/x86_64-linux-gnu/libnss_files-2.23.so
7fe894a93000-7fe894c92000 ---p 0000b000 08:01 137262                     /lib/x86_64-linux-gnu/libnss_files-2.23.so
7fe894c92000-7fe894c93000 r--p 0000a000 08:01 137262                     /lib/x86_64-linux-gnu/libnss_files-2.23.so
7fe894c93000-7fe894c94000 rw-p 0000b000 08:01 137262                     /lib/x86_64-linux-gnu/libnss_files-2.23.so
7fe894c94000-7fe894c9a000 rw-p 00000000 00:00 0 
7fe894c9a000-7fe894ca5000 r-xp 00000000 08:01 137272                     /lib/x86_64-linux-gnu/libnss_nis-2.23.so
7fe894ca5000-7fe894ea4000 ---p 0000b000 08:01 137272                     /lib/x86_64-linux-gnu/libnss_nis-2.23.so
7fe894ea4000-7fe894ea5000 r--p 0000a000 08:01 137272                     /lib/x86_64-linux-gnu/libnss_nis-2.23.so
7fe894ea5000-7fe894ea6000 rw-p 0000b000 08:01 137272                     /lib/x86_64-linux-gnu/libnss_nis-2.23.so
7fe894ea6000-7fe894ebc000 r-xp 00000000 08:01 137256                     /lib/x86_64-linux-gnu/libnsl-2.23.so
7fe894ebc000-7fe8950bb000 ---p 00016000 08:01 137256                     /lib/x86_64-linux-gnu/libnsl-2.23.so
7fe8950bb000-7fe8950bc000 r--p 00015000 08:01 137256                     /lib/x86_64-linux-gnu/libnsl-2.23.so
7fe8950bc000-7fe8950bd000 rw-p 00016000 08:01 137256                     /lib/x86_64-linux-gnu/libnsl-2.23.so
7fe8950bd000-7fe8950bf000 rw-p 00000000 00:00 0 
7fe8950bf000-7fe8950c7000 r-xp 00000000 08:01 137258                     /lib/x86_64-linux-gnu/libnss_compat-2.23.so
7fe8950c7000-7fe8952c6000 ---p 00008000 08:01 137258                     /lib/x86_64-linux-gnu/libnss_compat-2.23.so
7fe8952c6000-7fe8952c7000 r--p 00007000 08:01 137258                     /lib/x86_64-linux-gnu/libnss_compat-2.23.so
7fe8952c7000-7fe8952c8000 rw-p 00008000 08:01 137258                     /lib/x86_64-linux-gnu/libnss_compat-2.23.so
7fe8952c8000-7fe8952f5000 r-xp 00000000 08:01 928515                     /usr/lib/jvm/java-8-openjdk-amd64/jre/lib/amd64/libjava.so
7fe8952f5000-7fe8954f4000 ---p 0002d000 08:01 928515                     /usr/lib/jvm/java-8-openjdk-amd64/jre/lib/amd64/libjava.so
7fe8954f4000-7fe8954f5000 r--p 0002c000 08:01 928515                     /usr/lib/jvm/java-8-openjdk-amd64/jre/lib/amd64/libjava.so
7fe8954f5000-7fe8954f7000 rw-p 0002d000 08:01 928515                     /usr/lib/jvm/java-8-openjdk-amd64/jre/lib/amd64/libjava.so
7fe8954f7000-7fe895506000 r-xp 00000000 08:01 928487                     /usr/lib/jvm/java-8-openjdk-amd64/jre/lib/amd64/libverify.so
7fe895506000-7fe895705000 ---p 0000f000 08:01 928487                     /usr/lib/jvm/java-8-openjdk-amd64/jre/lib/amd64/libverify.so
7fe895705000-7fe895707000 r--p 0000e000 08:01 928487                     /usr/lib/jvm/java-8-openjdk-amd64/jre/lib/amd64/libverify.so
7fe895707000-7fe895708000 rw-p 00010000 08:01 928487                     /usr/lib/jvm/java-8-openjdk-amd64/jre/lib/amd64/libverify.so
7fe895708000-7fe89570f000 r-xp 00000000 08:01 137317                     /lib/x86_64-linux-gnu/librt-2.23.so
7fe89570f000-7fe89590e000 ---p 00007000 08:01 137317                     /lib/x86_64-linux-gnu/librt-2.23.so
7fe89590e000-7fe89590f000 r--p 00006000 08:01 137317                     /lib/x86_64-linux-gnu/librt-2.23.so
7fe89590f000-7fe895910000 rw-p 00007000 08:01 137317                     /lib/x86_64-linux-gnu/librt-2.23.so
7fe895910000-7fe895926000 r-xp 00000000 08:01 137201                     /lib/x86_64-linux-gnu/libgcc_s.so.1
7fe895926000-7fe895b25000 ---p 00016000 08:01 137201                     /lib/x86_64-linux-gnu/libgcc_s.so.1
7fe895b25000-7fe895b26000 rw-p 00015000 08:01 137201                     /lib/x86_64-linux-gnu/libgcc_s.so.1
7fe895b26000-7fe895c2e000 r-xp 00000000 08:01 137233                     /lib/x86_64-linux-gnu/libm-2.23.so
7fe895c2e000-7fe895e2d000 ---p 00108000 08:01 137233                     /lib/x86_64-linux-gnu/libm-2.23.so
7fe895e2d000-7fe895e2e000 r--p 00107000 08:01 137233                     /lib/x86_64-linux-gnu/libm-2.23.so
7fe895e2e000-7fe895e2f000 rw-p 00108000 08:01 137233                     /lib/x86_64-linux-gnu/libm-2.23.so
7fe895e2f000-7fe895fa1000 r-xp 00000000 08:01 2193                       /usr/lib/x86_64-linux-gnu/libstdc++.so.6.0.21
7fe895fa1000-7fe8961a1000 ---p 00172000 08:01 2193                       /usr/lib/x86_64-linux-gnu/libstdc++.so.6.0.21
7fe8961a1000-7fe8961ab000 r--p 00172000 08:01 2193                       /usr/lib/x86_64-linux-gnu/libstdc++.so.6.0.21
7fe8961ab000-7fe8961ad000 rw-p 0017c000 08:01 2193                       /usr/lib/x86_64-linux-gnu/libstdc++.so.6.0.21
7fe8961ad000-7fe8961b1000 rw-p 00000000 00:00 0 
7fe8961b1000-7fe896e0e000 r-xp 00000000 08:01 928493                     /usr/lib/jvm/java-8-openjdk-amd64/jre/lib/amd64/server/libjvm.so
7fe896e0e000-7fe89700e000 ---p 00c5d000 08:01 928493                     /usr/lib/jvm/java-8-openjdk-amd64/jre/lib/amd64/server/libjvm.so
7fe89700e000-7fe8970a2000 r--p 00c5d000 08:01 928493                     /usr/lib/jvm/java-8-openjdk-amd64/jre/lib/amd64/server/libjvm.so
7fe8970a2000-7fe8970cb000 rw-p 00cf1000 08:01 928493                     /usr/lib/jvm/java-8-openjdk-amd64/jre/lib/amd64/server/libjvm.so
7fe8970cb000-7fe8970fb000 rw-p 00000000 00:00 0 
7fe8970fb000-7fe897113000 r-xp 00000000 08:01 137309                     /lib/x86_64-linux-gnu/libpthread-2.23.so
7fe897113000-7fe897312000 ---p 00018000 08:01 137309                     /lib/x86_64-linux-gnu/libpthread-2.23.so
7fe897312000-7fe897313000 r--p 00017000 08:01 137309                     /lib/x86_64-linux-gnu/libpthread-2.23.so
7fe897313000-7fe897314000 rw-p 00018000 08:01 137309                     /lib/x86_64-linux-gnu/libpthread-2.23.so
7fe897314000-7fe897318000 rw-p 00000000 00:00 0 
7fe897318000-7fe89731b000 r-xp 00000000 08:01 137187                     /lib/x86_64-linux-gnu/libdl-2.23.so
7fe89731b000-7fe89751a000 ---p 00003000 08:01 137187                     /lib/x86_64-linux-gnu/libdl-2.23.so
7fe89751a000-7fe89751b000 r--p 00002000 08:01 137187                     /lib/x86_64-linux-gnu/libdl-2.23.so
7fe89751b000-7fe89751c000 rw-p 00003000 08:01 137187                     /lib/x86_64-linux-gnu/libdl-2.23.so
7fe89751c000-7fe897535000 r-xp 00000000 08:01 137354                     /lib/x86_64-linux-gnu/libz.so.1.2.8
7fe897535000-7fe897734000 ---p 00019000 08:01 137354                     /lib/x86_64-linux-gnu/libz.so.1.2.8
7fe897734000-7fe897735000 r--p 00018000 08:01 137354                     /lib/x86_64-linux-gnu/libz.so.1.2.8
7fe897735000-7fe897736000 rw-p 00019000 08:01 137354                     /lib/x86_64-linux-gnu/libz.so.1.2.8
7fe897736000-7fe8978f6000 r-xp 00000000 08:01 137163                     /lib/x86_64-linux-gnu/libc-2.23.so
7fe8978f6000-7fe897af6000 ---p 001c0000 08:01 137163                     /lib/x86_64-linux-gnu/libc-2.23.so
7fe897af6000-7fe897afa000 r--p 001c0000 08:01 137163                     /lib/x86_64-linux-gnu/libc-2.23.so
7fe897afa000-7fe897afc000 rw-p 001c4000 08:01 137163                     /lib/x86_64-linux-gnu/libc-2.23.so
7fe897afc000-7fe897b00000 rw-p 00000000 00:00 0 
7fe897b00000-7fe897b0d000 r-xp 00000000 08:01 928491                     /usr/lib/jvm/java-8-openjdk-amd64/jre/lib/amd64/jli/libjli.so
7fe897b0d000-7fe897d0d000 ---p 0000d000 08:01 928491                     /usr/lib/jvm/java-8-openjdk-amd64/jre/lib/amd64/jli/libjli.so
7fe897d0d000-7fe897d0e000 r--p 0000d000 08:01 928491                     /usr/lib/jvm/java-8-openjdk-amd64/jre/lib/amd64/jli/libjli.so
7fe897d0e000-7fe897d0f000 rw-p 0000e000 08:01 928491                     /usr/lib/jvm/java-8-openjdk-amd64/jre/lib/amd64/jli/libjli.so
7fe897d0f000-7fe897d35000 r-xp 00000000 08:01 137135                     /lib/x86_64-linux-gnu/ld-2.23.so
7fe897d35000-7fe897d37000 r--s 0000f000 08:01 1097063                    /home/hossam/.m2/repository/org/jboss/logging/jboss-logging/3.3.2.Final/jboss-logging-3.3.2.Final.jar
7fe897d37000-7fe897d39000 r--s 00001000 08:01 1102271                    /home/hossam/.m2/repository/com/fasterxml/jackson/module/jackson-module-parameter-names/2.9.8/jackson-module-parameter-names-2.9.8.jar
7fe897d39000-7fe897d3c000 r--s 00016000 08:01 1102269                    /home/hossam/.m2/repository/com/fasterxml/jackson/datatype/jackson-datatype-jsr310/2.9.8/jackson-datatype-jsr310-2.9.8.jar
7fe897d3c000-7fe897d3e000 r--s 00007000 08:01 1102267                    /home/hossam/.m2/repository/com/fasterxml/jackson/datatype/jackson-datatype-jdk8/2.9.8/jackson-datatype-jdk8-2.9.8.jar
7fe897d3e000-7fe897d42000 r--s 0004c000 08:01 928562                     /home/hossam/.m2/repository/com/fasterxml/jackson/core/jackson-core/2.9.8/jackson-core-2.9.8.jar
7fe897d42000-7fe897d45000 r--s 0000e000 08:01 1097044                    /home/hossam/.m2/repository/com/fasterxml/jackson/core/jackson-annotations/2.9.0/jackson-annotations-2.9.0.jar
7fe897d45000-7fe897d4b000 r--s 0003b000 08:01 928531                     /usr/lib/jvm/java-8-openjdk-amd64/jre/lib/ext/sunjce_provider.jar
7fe897d4b000-7fe897d55000 r--s 00116000 08:01 928523                     /usr/lib/jvm/java-8-openjdk-amd64/jre/lib/ext/localedata.jar
7fe897d55000-7fe897e11000 rw-p 00000000 00:00 0 
7fe897e11000-7fe897e14000 ---p 00000000 00:00 0 
7fe897e14000-7fe897f16000 rw-p 00000000 00:00 0 
7fe897f16000-7fe897f17000 r--s 00000000 08:01 1102265                    /home/hossam/.m2/repository/org/springframework/boot/spring-boot-starter-json/2.1.2.RELEASE/spring-boot-starter-json-2.1.2.RELEASE.jar
7fe897f17000-7fe897f18000 r--s 00000000 08:01 822374                     /home/hossam/.m2/repository/org/springframework/boot/spring-boot-starter-web/2.1.2.RELEASE/spring-boot-starter-web-2.1.2.RELEASE.jar
7fe897f18000-7fe897f1a000 r--s 00008000 08:01 928526                     /usr/lib/jvm/java-8-openjdk-amd64/jre/lib/ext/sunec.jar
7fe897f1a000-7fe897f1b000 r--s 00010000 08:01 928530                     /usr/lib/jvm/java-8-openjdk-amd64/jre/lib/ext/zipfs.jar
7fe897f1b000-7fe897f1e000 r--s 00038000 08:01 928527                     /usr/lib/jvm/java-8-openjdk-amd64/jre/lib/ext/sunpkcs11.jar
7fe897f1e000-7fe897f21000 r--s 0000f000 08:01 928524                     /usr/lib/jvm/java-8-openjdk-amd64/jre/lib/ext/icedtea-sound.jar
7fe897f21000-7fe897f22000 r--s 0000a000 08:01 928529                     /usr/lib/jvm/java-8-openjdk-amd64/jre/lib/ext/jaccess.jar
7fe897f22000-7fe897f24000 r--s 00001000 08:01 928528                     /usr/lib/jvm/java-8-openjdk-amd64/jre/lib/ext/dnsns.jar
7fe897f24000-7fe897f2c000 rw-s 00000000 08:01 256547                     /tmp/hsperfdata_hossam/10329
7fe897f2c000-7fe897f2d000 rw-p 00000000 00:00 0 
7fe897f2d000-7fe897f2e000 ---p 00000000 00:00 0 
7fe897f2e000-7fe897f2f000 rw-p 00000000 00:00 0 
7fe897f2f000-7fe897f32000 r--p 00000000 00:00 0                          [vvar]
7fe897f32000-7fe897f34000 r-xp 00000000 00:00 0                          [vdso]
7fe897f34000-7fe897f35000 r--p 00025000 08:01 137135                     /lib/x86_64-linux-gnu/ld-2.23.so
7fe897f35000-7fe897f36000 rw-p 00026000 08:01 137135                     /lib/x86_64-linux-gnu/ld-2.23.so
7fe897f36000-7fe897f37000 rw-p 00000000 00:00 0 
7ffc44d47000-7ffc44d6a000 rw-p 00000000 00:00 0                          [stack]
ffffffffff600000-ffffffffff601000 r-xp 00000000 00:00 0                  [vsyscall]

VM Arguments:
jvm_args: -Dfile.encoding=UTF-8 
java_command: com.example.demo.HoMarketApplication
java_class_path (initial): /home/hossam/JavaProjects/HOMarket/target/classes:/home/hossam/.m2/repository/org/springframework/boot/spring-boot-starter-web/2.1.2.RELEASE/spring-boot-starter-web-2.1.2.RELEASE.jar:/home/hossam/.m2/repository/org/springframework/boot/spring-boot-starter-json/2.1.2.RELEASE/spring-boot-starter-json-2.1.2.RELEASE.jar:/home/hossam/.m2/repository/com/fasterxml/jackson/core/jackson-databind/2.9.8/jackson-databind-2.9.8.jar:/home/hossam/.m2/repository/com/fasterxml/jackson/core/jackson-annotations/2.9.0/jackson-annotations-2.9.0.jar:/home/hossam/.m2/repository/com/fasterxml/jackson/core/jackson-core/2.9.8/jackson-core-2.9.8.jar:/home/hossam/.m2/repository/com/fasterxml/jackson/datatype/jackson-datatype-jdk8/2.9.8/jackson-datatype-jdk8-2.9.8.jar:/home/hossam/.m2/repository/com/fasterxml/jackson/datatype/jackson-datatype-jsr310/2.9.8/jackson-datatype-jsr310-2.9.8.jar:/home/hossam/.m2/repository/com/fasterxml/jackson/module/jackson-module-parameter-names/2.9.8/jackson-module-parameter-names-2.9.8.jar:/home/hossam/.m2/repository/org/hibernate/validator/hibernate-validator/6.0.14.Final/hibernate-validator-6.0.14.Final.jar:/home/hossam/.m2/repository/javax/validation/validation-api/2.0.1.Final/validation-api-2.0.1.Final.jar:/home/hossam/.m2/repository/org/jboss/logging/jboss-logging/3.3.2.Final/jboss-logging-3.3.2.Final.jar:/home/hossam/.m2/repository/com/fasterxml/classmate/1.4.0/classmate-1.4.0.jar:/home/hossam/.m2/repository/org/springframework/spring-web/5.1.4.RELEASE/spring-web-5.1.4.RELEASE.jar:/home/hossam/.m2/repository/org/springframework/spring-webmvc/5.1.4.RELEASE/spring-webmvc-5.1.4.RELEASE.jar:/home/hossam/.m2/repository/org/springframework/boot/spring-boot-starter-data-jpa/2.1.2.RELEASE/spring-boot-starter-data-jpa-2.1.2.RELEASE.jar:/home/hossam/.m2/repository/org/springframework/boot/spring-boot-starter-aop/2.1.2.RELEASE/spring-boot-starter-aop-2.1.2.RELEASE.jar:/home/hossam/.m2/repository/org/aspectj/aspectjweaver/1.9.2/aspectjweave
Launcher Type: SUN_STANDARD

Environment Variables:
PATH=/home/hossam/bin:/home/hossam/.local/bin:/usr/local/sbin:/usr/local/bin:/usr/sbin:/usr/bin:/sbin:/bin:/usr/games:/usr/local/games:/snap/bin
SHELL=/bin/bash
DISPLAY=:0

Signal Handlers:
SIGSEGV: [libjvm.so+0xa71a70], sa_mask[0]=11111111011111111101111111111110, sa_flags=SA_RESTART|SA_SIGINFO
SIGBUS: [libjvm.so+0xa71a70], sa_mask[0]=11111111011111111101111111111110, sa_flags=SA_RESTART|SA_SIGINFO
SIGFPE: [libjvm.so+0x8b8f80], sa_mask[0]=11111111011111111101111111111110, sa_flags=SA_RESTART|SA_SIGINFO
SIGPIPE: [libjvm.so+0x8b8f80], sa_mask[0]=11111111011111111101111111111110, sa_flags=SA_RESTART|SA_SIGINFO
SIGXFSZ: [libjvm.so+0x8b8f80], sa_mask[0]=11111111011111111101111111111110, sa_flags=SA_RESTART|SA_SIGINFO
SIGILL: [libjvm.so+0x8b8f80], sa_mask[0]=11111111011111111101111111111110, sa_flags=SA_RESTART|SA_SIGINFO
SIGUSR1: SIG_DFL, sa_mask[0]=00000000000000000000000000000000, sa_flags=none
SIGUSR2: [libjvm.so+0x8b8e30], sa_mask[0]=00100000000000000000000000000000, sa_flags=SA_RESTART|SA_SIGINFO
SIGHUP: [libjvm.so+0x8b9300], sa_mask[0]=11111111011111111101111111111110, sa_flags=SA_RESTART|SA_SIGINFO
SIGINT: [libjvm.so+0x8b9300], sa_mask[0]=11111111011111111101111111111110, sa_flags=SA_RESTART|SA_SIGINFO
SIGTERM: [libjvm.so+0x8b9300], sa_mask[0]=11111111011111111101111111111110, sa_flags=SA_RESTART|SA_SIGINFO
SIGQUIT: [libjvm.so+0x8b9300], sa_mask[0]=11111111011111111101111111111110, sa_flags=SA_RESTART|SA_SIGINFO


---------------  S Y S T E M  ---------------

OS:DISTRIB_ID=Ubuntu
DISTRIB_RELEASE=16.04
DISTRIB_CODENAME=xenial
DISTRIB_DESCRIPTION="Ubuntu 16.04.5 LTS"

uname:Linux 4.15.0-39-generic #42~16.04.1-Ubuntu SMP Wed Oct 24 17:09:54 UTC 2018 x86_64
libc:glibc 2.23 NPTL 2.23 
rlimit: STACK 8192k, CORE 0k, NPROC 19005, NOFILE 1048576, AS infinity
load average:9.67 3.33 1.61

/proc/meminfo:
MemTotal:        4924980 kB
MemFree:           94872 kB
MemAvailable:          0 kB
Buffers:             332 kB
Cached:            93752 kB
SwapCached:            0 kB
Active:          4444560 kB
Inactive:          90164 kB
Active(anon):    4442268 kB
Inactive(anon):    87440 kB
Active(file):       2292 kB
Inactive(file):     2724 kB
Unevictable:         104 kB
Mlocked:             104 kB
SwapTotal:             0 kB
SwapFree:              0 kB
Dirty:                20 kB
Writeback:           148 kB
AnonPages:       4440828 kB
Mapped:            85068 kB
Shmem:             88984 kB
Slab:             122608 kB
SReclaimable:      47960 kB
SUnreclaim:        74648 kB
KernelStack:       21664 kB
PageTables:        75408 kB
NFS_Unstable:          0 kB
Bounce:                0 kB
WritebackTmp:          0 kB
CommitLimit:     2462488 kB
Committed_AS:   13176404 kB
VmallocTotal:   34359738367 kB
VmallocUsed:           0 kB
VmallocChunk:          0 kB
HardwareCorrupted:     0 kB
AnonHugePages:         0 kB
ShmemHugePages:        0 kB
ShmemPmdMapped:        0 kB
CmaTotal:              0 kB
CmaFree:               0 kB
HugePages_Total:       0
HugePages_Free:        0
HugePages_Rsvd:        0
HugePages_Surp:        0
Hugepagesize:       2048 kB
DirectMap4k:      218944 kB
DirectMap2M:     3852288 kB
DirectMap1G:     1048576 kB


CPU:total 4 (initial active 4) (4 cores per cpu, 1 threads per core) family 6 model 94 stepping 3, cmov, cx8, fxsr, mmx, sse, sse2, sse3, ssse3, sse4.1, sse4.2, popcnt, avx, avx2, aes, clmul, erms, rtm, 3dnowpref, lzcnt, tsc, tscinvbit, bmi1, bmi2, adx

/proc/cpuinfo:
processor	: 0
vendor_id	: GenuineIntel
cpu family	: 6
model		: 94
model name	: Intel(R) Core(TM) i5-6500 CPU @ 3.20GHz
stepping	: 3
microcode	: 0x39
cpu MHz		: 3201.000
cache size	: 6144 KB
physical id	: 0
siblings	: 4
core id		: 0
cpu cores	: 4
apicid		: 0
initial apicid	: 0
fpu		: yes
fpu_exception	: yes
cpuid level	: 22
wp		: yes
flags		: fpu vme de pse tsc msr pae mce cx8 apic sep mtrr pge mca cmov pat pse36 clflush mmx fxsr sse sse2 ss ht syscall nx pdpe1gb rdtscp lm constant_tsc arch_perfmon nopl xtopology tsc_reliable nonstop_tsc cpuid pni pclmulqdq ssse3 fma cx16 pcid sse4_1 sse4_2 x2apic movbe popcnt tsc_deadline_timer aes xsave avx f16c rdrand hypervisor lahf_lm abm 3dnowprefetch cpuid_fault invpcid_single pti fsgsbase tsc_adjust bmi1 hle avx2 smep bmi2 invpcid rtm mpx rdseed adx smap clflushopt xsaveopt xsavec xsaves arat
bugs		: cpu_meltdown spectre_v1 spectre_v2 spec_store_bypass l1tf
bogomips	: 6402.00
clflush size	: 64
cache_alignment	: 64
address sizes	: 43 bits physical, 48 bits virtual
power management:

processor	: 1
vendor_id	: GenuineIntel
cpu family	: 6
model		: 94
model name	: Intel(R) Core(TM) i5-6500 CPU @ 3.20GHz
stepping	: 3
microcode	: 0x39
cpu MHz		: 3201.000
cache size	: 6144 KB
physical id	: 0
siblings	: 4
core id		: 1
cpu cores	: 4
apicid		: 1
initial apicid	: 1
fpu		: yes
fpu_exception	: yes
cpuid level	: 22
wp		: yes
flags		: fpu vme de pse tsc msr pae mce cx8 apic sep mtrr pge mca cmov pat pse36 clflush mmx fxsr sse sse2 ss ht syscall nx pdpe1gb rdtscp lm constant_tsc arch_perfmon nopl xtopology tsc_reliable nonstop_tsc cpuid pni pclmulqdq ssse3 fma cx16 pcid sse4_1 sse4_2 x2apic movbe popcnt tsc_deadline_timer aes xsave avx f16c rdrand hypervisor lahf_lm abm 3dnowprefetch cpuid_fault invpcid_single pti fsgsbase tsc_adjust bmi1 hle avx2 smep bmi2 invpcid rtm mpx rdseed adx smap clflushopt xsaveopt xsavec xsaves arat
bugs		: cpu_meltdown spectre_v1 spectre_v2 spec_store_bypass l1tf
bogomips	: 6402.00
clflush size	: 64
cache_alignment	: 64
address sizes	: 43 bits physical, 48 bits virtual
power management:

processor	: 2
vendor_id	: GenuineIntel
cpu family	: 6
model		: 94
model name	: Intel(R) Core(TM) i5-6500 CPU @ 3.20GHz
stepping	: 3
microcode	: 0x39
cpu MHz		: 3201.000
cache size	: 6144 KB
physical id	: 0
siblings	: 4
core id		: 2
cpu cores	: 4
apicid		: 2
initial apicid	: 2
fpu		: yes
fpu_exception	: yes
cpuid level	: 22
wp		: yes
flags		: fpu vme de pse tsc msr pae mce cx8 apic sep mtrr pge mca cmov pat pse36 clflush mmx fxsr sse sse2 ss ht syscall nx pdpe1gb rdtscp lm constant_tsc arch_perfmon nopl xtopology tsc_reliable nonstop_tsc cpuid pni pclmulqdq ssse3 fma cx16 pcid sse4_1 sse4_2 x2apic movbe popcnt tsc_deadline_timer aes xsave avx f16c rdrand hypervisor lahf_lm abm 3dnowprefetch cpuid_fault invpcid_single pti fsgsbase tsc_adjust bmi1 hle avx2 smep bmi2 invpcid rtm mpx rdseed adx smap clflushopt xsaveopt xsavec xsaves arat
bugs		: cpu_meltdown spectre_v1 spectre_v2 spec_store_bypass l1tf
bogomips	: 6402.00
clflush size	: 64
cache_alignment	: 64
address sizes	: 43 bits physical, 48 bits virtual
power management:

processor	: 3
vendor_id	: GenuineIntel
cpu family	: 6
model		: 94
model name	: Intel(R) Core(TM) i5-6500 CPU @ 3.20GHz
stepping	: 3
microcode	: 0x39
cpu MHz		: 3201.000
cache size	: 6144 KB
physical id	: 0
siblings	: 4
core id		: 3
cpu cores	: 4
apicid		: 3
initial apicid	: 3
fpu		: yes
fpu_exception	: yes
cpuid level	: 22
wp		: yes
flags		: fpu vme de pse tsc msr pae mce cx8 apic sep mtrr pge mca cmov pat pse36 clflush mmx fxsr sse sse2 ss ht syscall nx pdpe1gb rdtscp lm constant_tsc arch_perfmon nopl xtopology tsc_reliable nonstop_tsc cpuid pni pclmulqdq ssse3 fma cx16 pcid sse4_1 sse4_2 x2apic movbe popcnt tsc_deadline_timer aes xsave avx f16c rdrand hypervisor lahf_lm abm 3dnowprefetch cpuid_fault invpcid_single pti fsgsbase tsc_adjust bmi1 hle avx2 smep bmi2 invpcid rtm mpx rdseed adx smap clflushopt xsaveopt xsavec xsaves arat
bugs		: cpu_meltdown spectre_v1 spectre_v2 spec_store_bypass l1tf
bogomips	: 6402.00
clflush size	: 64
cache_alignment	: 64
address sizes	: 43 bits physical, 48 bits virtual
power management:



Memory: 4k page, physical 4924980k(93756k free), swap 0k(0k free)

vm_info: OpenJDK 64-Bit Server VM (25.181-b13) for linux-amd64 JRE (1.8.0_181-8u181-b13-1ubuntu0.16.04.1-b13), built on Oct 23 2018 04:39:49 by "buildd" with gcc 5.4.0 20160609

time: Mon Jan 21 16:28:56 2019
elapsed time: 62 seconds (0d 0h 1m 2s)

